<?xml version="1.0" encoding="UTF-8"?>
<!-- Generated by org.testng.reporters.JUnitXMLReporter -->
<testsuite ignored="0" hostname="DESKTOP-R6ICANP" failures="1" tests="1" name="zoopla login test" time="6.492" errors="0" timestamp="2022-02-06T17:43:12 EST">
  <testcase classname="io.cucumber.testng.AbstractTestNGCucumberTests" name="runScenario" time="6.103">
    <failure type="java.lang.AssertionError" message="expected [Sign in to Zoopla - Zoopla] but found [Sign in to Zoopla]">
      <![CDATA[java.lang.AssertionError: expected [Sign in to Zoopla - Zoopla] but found [Sign in to Zoopla]
at com.stepdefinition.LoginFunction.user_is_able_to_verify_successful_login_verify_page_title(LoginFunction.java:59)
at ✽.User is able to verify successful login & verify page title(file:///C:/Users/Mdjalal%20Kaikobad/eclipse-workspace/Automation_project/Features/login.feature:11)
... Removed 6 stack frames]]>
    </failure>
  </testcase> <!-- runScenario -->
</testsuite> <!-- zoopla login test -->
