<?xml version="1.0" encoding="UTF-8"?>
<testng-results skipped="0" failed="1" ignored="0" total="1" passed="0">
  <reporter-output>
  </reporter-output>
  <suite name="Suite" duration-ms="6586" started-at="2022-03-18T16:56:21 EDT" finished-at="2022-03-18T16:56:28 EDT">
    <groups>
      <group name="cucumber">
        <method signature="AbstractTestNGCucumberTests.runScenario(io.cucumber.testng.PickleWrapper,io.cucumber.testng.FeatureWrapper)[pri:0, instance:com.runner.MyRunner@33afa13b]" name="runScenario" class="io.cucumber.testng.AbstractTestNGCucumberTests"/>
      </group> <!-- cucumber -->
    </groups>
    <test name="zoopla login test" duration-ms="6586" started-at="2022-03-18T16:56:21 EDT" finished-at="2022-03-18T16:56:28 EDT">
      <class name="com.runner.MyRunner">
        <test-method status="PASS" signature="setUpClass()[pri:0, instance:com.runner.MyRunner@33afa13b]" name="setUpClass" is-config="true" duration-ms="248" started-at="2022-03-18T16:56:21 EDT" finished-at="2022-03-18T16:56:21 EDT">
          <reporter-output>
          </reporter-output>
        </test-method> <!-- setUpClass -->
        <test-method status="FAIL" signature="runScenario(io.cucumber.testng.PickleWrapper,io.cucumber.testng.FeatureWrapper)[pri:0, instance:com.runner.MyRunner@33afa13b]" name="runScenario" duration-ms="6045" started-at="2022-03-18T16:56:21 EDT" description="Runs Cucumber Scenarios" data-provider="scenarios" finished-at="2022-03-18T16:56:27 EDT">
          <params>
            <param index="0">
              <value>
                <![CDATA["User login with valid username and verify page title"]]>
              </value>
            </param>
            <param index="1">
              <value>
                <![CDATA["Optional[User is able to login with valid username & password]"]]>
              </value>
            </param>
          </params>
          <exception class="org.openqa.selenium.ElementClickInterceptedException">
            <message>
              <![CDATA[element click intercepted: Element <p class="css-mx98y1-Text eczcs4p0" style="background: green; border: 4px solid black;">...</p> is not clickable at point (1220, 52). Other element would receive the click: <a href="/signin/?page_after_login=%2F&amp;return_url=%2F&amp;with_confirmation=true" data-testid="header-profile-sign-in" data-header-signin="/signin/?page_after_login={URL}&amp;return_url={URL}&amp;with_confirmation=true" data-track-category="User Account" data-track-action="clickthrough" data-track-label="user account>sign in" class="e1ydnppz5 css-1mw8k3j-ButtonLink-Button-ButtonLinkWithIcon-ResetButtonLinkWithIcon et03gpj0" data-ajax="false">...</a>
  (Session info: chrome=99.0.4844.74)
Build info: version: '3.141.59', revision: 'e82be7d358', time: '2018-11-14T08:17:03'
System info: host: 'DESKTOP-R6ICANP', ip: '192.168.1.183', os.name: 'Windows 10', os.arch: 'amd64', os.version: '10.0', java.version: '1.8.0_321'
Driver info: org.openqa.selenium.chrome.ChromeDriver
Capabilities {acceptInsecureCerts: false, browserName: chrome, browserVersion: 99.0.4844.74, chrome: {chromedriverVersion: 99.0.4844.51 (d537ec02474b5..., userDataDir: C:\Users\MDJALA~1\AppData\L...}, goog:chromeOptions: {debuggerAddress: localhost:60964}, javascriptEnabled: true, networkConnectionEnabled: false, pageLoadStrategy: normal, platform: WINDOWS, platformName: WINDOWS, proxy: Proxy(), setWindowRect: true, strictFileInteractability: false, timeouts: {implicit: 0, pageLoad: 300000, script: 30000}, unhandledPromptBehavior: dismiss and notify, webauthn:extension:credBlob: true, webauthn:extension:largeBlob: true, webauthn:virtualAuthenticators: true}
Session ID: f23d4af5d036c441f2667ad5552a0246]]>
            </message>
            <full-stacktrace>
              <![CDATA[org.openqa.selenium.ElementClickInterceptedException: element click intercepted: Element <p class="css-mx98y1-Text eczcs4p0" style="background: green; border: 4px solid black;">...</p> is not clickable at point (1220, 52). Other element would receive the click: <a href="/signin/?page_after_login=%2F&amp;return_url=%2F&amp;with_confirmation=true" data-testid="header-profile-sign-in" data-header-signin="/signin/?page_after_login={URL}&amp;return_url={URL}&amp;with_confirmation=true" data-track-category="User Account" data-track-action="clickthrough" data-track-label="user account>sign in" class="e1ydnppz5 css-1mw8k3j-ButtonLink-Button-ButtonLinkWithIcon-ResetButtonLinkWithIcon et03gpj0" data-ajax="false">...</a>
  (Session info: chrome=99.0.4844.74)
Build info: version: '3.141.59', revision: 'e82be7d358', time: '2018-11-14T08:17:03'
System info: host: 'DESKTOP-R6ICANP', ip: '192.168.1.183', os.name: 'Windows 10', os.arch: 'amd64', os.version: '10.0', java.version: '1.8.0_321'
Driver info: org.openqa.selenium.chrome.ChromeDriver
Capabilities {acceptInsecureCerts: false, browserName: chrome, browserVersion: 99.0.4844.74, chrome: {chromedriverVersion: 99.0.4844.51 (d537ec02474b5..., userDataDir: C:\Users\MDJALA~1\AppData\L...}, goog:chromeOptions: {debuggerAddress: localhost:60964}, javascriptEnabled: true, networkConnectionEnabled: false, pageLoadStrategy: normal, platform: WINDOWS, platformName: WINDOWS, proxy: Proxy(), setWindowRect: true, strictFileInteractability: false, timeouts: {implicit: 0, pageLoad: 300000, script: 30000}, unhandledPromptBehavior: dismiss and notify, webauthn:extension:credBlob: true, webauthn:extension:largeBlob: true, webauthn:virtualAuthenticators: true}
Session ID: f23d4af5d036c441f2667ad5552a0246
at sun.reflect.NativeConstructorAccessorImpl.newInstance0(Native Method)
at sun.reflect.NativeConstructorAccessorImpl.newInstance(Unknown Source)
at sun.reflect.DelegatingConstructorAccessorImpl.newInstance(Unknown Source)
at java.lang.reflect.Constructor.newInstance(Unknown Source)
at org.openqa.selenium.remote.http.W3CHttpResponseCodec.createException(W3CHttpResponseCodec.java:187)
at org.openqa.selenium.remote.http.W3CHttpResponseCodec.decode(W3CHttpResponseCodec.java:122)
at org.openqa.selenium.remote.http.W3CHttpResponseCodec.decode(W3CHttpResponseCodec.java:49)
at org.openqa.selenium.remote.HttpCommandExecutor.execute(HttpCommandExecutor.java:158)
at org.openqa.selenium.remote.service.DriverCommandExecutor.execute(DriverCommandExecutor.java:83)
at org.openqa.selenium.remote.RemoteWebDriver.execute(RemoteWebDriver.java:552)
at org.openqa.selenium.remote.RemoteWebElement.execute(RemoteWebElement.java:285)
at org.openqa.selenium.remote.RemoteWebElement.click(RemoteWebElement.java:84)
at sun.reflect.NativeMethodAccessorImpl.invoke0(Native Method)
at sun.reflect.NativeMethodAccessorImpl.invoke(Unknown Source)
at sun.reflect.DelegatingMethodAccessorImpl.invoke(Unknown Source)
at java.lang.reflect.Method.invoke(Unknown Source)
at org.openqa.selenium.support.pagefactory.internal.LocatingElementHandler.invoke(LocatingElementHandler.java:51)
at com.sun.proxy.$Proxy23.click(Unknown Source)
at com.stepdefinition.LoginFunction.user_clicks_on_the_login_in_button(LoginFunction.java:41)
at ✽.User clicks on the Login in button(file:///C:/Users/Mdjalal%20Kaikobad/git/repository/Automation_project/Features/login.feature:8)
]]>
            </full-stacktrace>
          </exception> <!-- org.openqa.selenium.ElementClickInterceptedException -->
          <reporter-output>
          </reporter-output>
        </test-method> <!-- runScenario -->
        <test-method status="PASS" signature="tearDownClass()[pri:0, instance:com.runner.MyRunner@33afa13b]" name="tearDownClass" is-config="true" duration-ms="133" started-at="2022-03-18T16:56:27 EDT" finished-at="2022-03-18T16:56:28 EDT">
          <reporter-output>
          </reporter-output>
        </test-method> <!-- tearDownClass -->
      </class> <!-- com.runner.MyRunner -->
    </test> <!-- zoopla login test -->
  </suite> <!-- Suite -->
</testng-results>
