<?xml version="1.0" encoding="UTF-8"?>
<!-- Generated by org.testng.reporters.JUnitReportReporter -->
<testsuite hostname="DESKTOP-R6ICANP" failures="1" tests="1" name="com.runner.MyRunner" time="6.103" errors="0" timestamp="2022-02-06T17:43:12 EST" skipped="0">
  <testcase classname="com.runner.MyRunner" name="runScenario" time="6.103">
    <failure message="expected [Sign in to Zoopla - Zoopla] but found [Sign in to Zoopla]" type="java.lang.AssertionError">
      <![CDATA[java.lang.AssertionError: expected [Sign in to Zoopla - Zoopla] but found [Sign in to Zoopla]
at org.testng.Assert.fail(Assert.java:99)
at org.testng.Assert.failNotEquals(Assert.java:1037)
at org.testng.Assert.assertEqualsImpl(Assert.java:140)
at org.testng.Assert.assertEquals(Assert.java:122)
at org.testng.Assert.assertEquals(Assert.java:629)
at org.testng.Assert.assertEquals(Assert.java:639)
at com.stepdefinition.LoginFunction.user_is_able_to_verify_successful_login_verify_page_title(LoginFunction.java:59)
at ✽.User is able to verify successful login & verify page title(file:///C:/Users/Mdjalal%20Kaikobad/eclipse-workspace/Automation_project/Features/login.feature:11)
]]>
    </failure>
  </testcase> <!-- runScenario -->
  <system-out/>
</testsuite> <!-- com.runner.MyRunner -->
